<?xml version="1.0" encoding="utf-8"?>
<!--
 Copyright (c) 2019 SAP SE or an SAP affiliate company. All rights reserved.
-->
<process xmlns="http://www.hybris.de/xsd/processdefinition" start="TestAction" name="test-process"
         processClass="de.hybris.platform.testprocessing.model.TestProcessModel" onError="error">

    <action id="TestAction" bean="TestAction">
        <transition name="OK" to="success"/>
        <transition name="NOK" to="error"/>
    </action>

    <end id="error" state="ERROR">Something went wrong.</end>
    <end id="failed" state="FAILED">Could not send ReadyForPickup email.</end>
    <end id="success" state="SUCCEEDED">Sent ReadyForPickup email.</end>

</process>